[perf] engine end-to-end 1MB: 0.0375s
.[perf] crypto 1MB mixed-content: 0.0022s
.[perf] pathological ETH-like blob: 0.0014s
.[perf] crypto 300KB: 0.0006s
[perf] crypto 600KB: 0.0014s
[perf] crypto 1000KB: 0.0022s
[perf] crypto 1500KB: 0.0033s
.[perf] filepaths 1MB mixed-content: 0.0043s
.[perf] pathological deep UNIX path: 0.0281s
.[perf] filepaths 300KB: 0.0014s
[perf] filepaths 600KB: 0.0027s
[perf] filepaths 1000KB: 0.0045s
[perf] filepaths 1500KB: 0.0069s
.[perf] IP 1MB mixed-content: 0.0071s
.[perf] pathological IPv6 blob: 0.0001s
.[perf] IP 100KB: 0.0008s
[perf] IP 300KB: 0.0023s
[perf] IP 600KB: 0.0043s
[perf] IP 1000KB: 0.0070s
.
10 passed in 0.38s
