============================= test session starts ==============================
platform linux -- Python 3.11.15, pytest-9.0.2, pluggy-1.6.0
rootdir: /home/runner/work/iocx/iocx
configfile: pytest.ini
plugins: metadata-3.1.1, json-report-1.5.0
collected 538 items / 528 deselected / 10 selected

tests/performance/engine/test_engine_1mb_perf.py .                       [ 10%]
tests/performance/extractors/crypto/test_crypto_perf.py ...              [ 40%]
tests/performance/extractors/filepaths/test_filepaths_perf.py ...        [ 70%]
tests/performance/extractors/ips/test_ips_perf.py ...                    [100%]

=============================== warnings summary ===============================
tests/robustness/extractors/filepaths/test_backtracking_safety.py:84
  /home/runner/work/iocx/iocx/tests/robustness/extractors/filepaths/test_backtracking_safety.py:84: PytestUnknownMarkWarning: Unknown pytest.mark.timeout - is this a typo?  You can register custom marks to avoid this warning - for details, see https://docs.pytest.org/en/stable/how-to/mark.html
    @pytest.mark.timeout(0.5)   # fail fast if catastrophic backtracking occurs

tests/robustness/extractors/filepaths/test_filepaths_chaos.py:81
  /home/runner/work/iocx/iocx/tests/robustness/extractors/filepaths/test_filepaths_chaos.py:81: DeprecationWarning: invalid escape sequence '\p'
    "%NOTCLOSED\path.exe",                      # malformed

-- Docs: https://docs.pytest.org/en/stable/how-to/capture-warnings.html
--------------------------------- JSON report ----------------------------------
report saved to: perf.json
================ 10 passed, 528 deselected, 2 warnings in 0.84s ================
